System.AggregateException: Some services are not able to be constructed (Error while validating the service descriptor 'ServiceType: Orb.Web.Data.ApplicationDbContext Lifetime: Scoped ImplementationType: Orb.Web.Data.ApplicationDbContext': Unable to resolve service for type 'Microsoft.EntityFrameworkCore.DbContextOptions`1[Orb.Web.Data.ApplicationDbContext]' while attempting to activate 'Orb.Web.Data.ApplicationDbContext'.) (Error while validating the service descriptor 'ServiceType: Orb.Web.Services.BlogService Lifetime: Scoped ImplementationType: Orb.Web.Services.BlogService': Unable to resolve service for type 'Microsoft.EntityFrameworkCore.DbContextOptions`1[Orb.Web.Data.ApplicationDbContext]' while attempting to activate 'Orb.Web.Data.ApplicationDbContext'.) (Error while validating the service descriptor 'ServiceType: Orb.Web.Services.UserService Lifetime: Scoped ImplementationType: Orb.Web.Services.UserService': Unable to resolve service for type 'Microsoft.EntityFrameworkCore.DbContextOptions`1[Orb.Web.Data.ApplicationDbContext]' while attempting to activate 'Orb.Web.Data.ApplicationDbContext'.)
 ---> System.InvalidOperationException: Error while validating the service descriptor 'ServiceType: Orb.Web.Data.ApplicationDbContext Lifetime: Scoped ImplementationType: Orb.Web.Data.ApplicationDbContext': Unable to resolve service for type 'Microsoft.EntityFrameworkCore.DbContextOptions`1[Orb.Web.Data.ApplicationDbContext]' while attempting to activate 'Orb.Web.Data.ApplicationDbContext'.
 ---> System.InvalidOperationException: Unable to resolve service for type 'Microsoft.EntityFrameworkCore.DbContextOptions`1[Orb.Web.Data.ApplicationDbContext]' while attempting to activate 'Orb.Web.Data.ApplicationDbContext'.
   at Microsoft.Extensions.DependencyInjection.ServiceLookup.CallSiteFactory.CreateArgumentCallSites(Type implementationType, CallSiteChain callSiteChain, ParameterInfo[] parameters, Boolean throwIfCallSiteNotFound)
   at Microsoft.Extensions.DependencyInjection.ServiceLookup.CallSiteFactory.CreateConstructorCallSite(ResultCache lifetime, Type serviceType, Type implementationType, CallSiteChain callSiteChain)
   at Microsoft.Extensions.DependencyInjection.ServiceLookup.CallSiteFactory.TryCreateExact(ServiceDescriptor descriptor, Type serviceType, CallSiteChain callSiteChain, Int32 slot)
   at Microsoft.Extensions.DependencyInjection.ServiceLookup.CallSiteFactory.GetCallSite(ServiceDescriptor serviceDescriptor, CallSiteChain callSiteChain)
   at Microsoft.Extensions.DependencyInjection.ServiceProvider.ValidateService(ServiceDescriptor descriptor)
   --- End of inner exception stack trace ---
   at Microsoft.Extensions.DependencyInjection.ServiceProvider.ValidateService(ServiceDescriptor descriptor)
   at Microsoft.Extensions.DependencyInjection.ServiceProvider..ctor(ICollection`1 serviceDescriptors, ServiceProviderOptions options)
   --- End of inner exception stack trace ---
   at Microsoft.Extensions.DependencyInjection.ServiceProvider..ctor(ICollection`1 serviceDescriptors, ServiceProviderOptions options)
   at Microsoft.Extensions.DependencyInjection.ServiceCollectionContainerBuilderExtensions.BuildServiceProvider(IServiceCollection services, ServiceProviderOptions options)
   at Microsoft.Extensions.DependencyInjection.DefaultServiceProviderFactory.CreateServiceProvider(IServiceCollection containerBuilder)
   at Microsoft.Extensions.Hosting.Internal.ServiceFactoryAdapter`1.CreateServiceProvider(Object containerBuilder)
   at Microsoft.Extensions.Hosting.HostBuilder.CreateServiceProvider()
   at Microsoft.Extensions.Hosting.HostBuilder.Build()
   at Microsoft.AspNetCore.Builder.WebApplicationBuilder.Build()
   at Program.<Main>$(String[] args) in E:\Customers\orbapp\Orb.Web\Program.cs:line 71
 ---> (Inner Exception #1) System.InvalidOperationException: Error while validating the service descriptor 'ServiceType: Orb.Web.Services.BlogService Lifetime: Scoped ImplementationType: Orb.Web.Services.BlogService': Unable to resolve service for type 'Microsoft.EntityFrameworkCore.DbContextOptions`1[Orb.Web.Data.ApplicationDbContext]' while attempting to activate 'Orb.Web.Data.ApplicationDbContext'.
 ---> System.InvalidOperationException: Unable to resolve service for type 'Microsoft.EntityFrameworkCore.DbContextOptions`1[Orb.Web.Data.ApplicationDbContext]' while attempting to activate 'Orb.Web.Data.ApplicationDbContext'.
   at Microsoft.Extensions.DependencyInjection.ServiceLookup.CallSiteFactory.CreateArgumentCallSites(Type implementationType, CallSiteChain callSiteChain, ParameterInfo[] parameters, Boolean throwIfCallSiteNotFound)
   at Microsoft.Extensions.DependencyInjection.ServiceLookup.CallSiteFactory.CreateConstructorCallSite(ResultCache lifetime, Type serviceType, Type implementationType, CallSiteChain callSiteChain)
   at Microsoft.Extensions.DependencyInjection.ServiceLookup.CallSiteFactory.TryCreateExact(ServiceDescriptor descriptor, Type serviceType, CallSiteChain callSiteChain, Int32 slot)
   at Microsoft.Extensions.DependencyInjection.ServiceLookup.CallSiteFactory.CreateCallSite(Type serviceType, CallSiteChain callSiteChain)
   at Microsoft.Extensions.DependencyInjection.ServiceLookup.CallSiteFactory.GetCallSite(Type serviceType, CallSiteChain callSiteChain)
   at Microsoft.Extensions.DependencyInjection.ServiceLookup.CallSiteFactory.CreateArgumentCallSites(Type implementationType, CallSiteChain callSiteChain, ParameterInfo[] parameters, Boolean throwIfCallSiteNotFound)
   at Microsoft.Extensions.DependencyInjection.ServiceLookup.CallSiteFactory.CreateConstructorCallSite(ResultCache lifetime, Type serviceType, Type implementationType, CallSiteChain callSiteChain)
   at Microsoft.Extensions.DependencyInjection.ServiceLookup.CallSiteFactory.TryCreateExact(ServiceDescriptor descriptor, Type serviceType, CallSiteChain callSiteChain, Int32 slot)
   at Microsoft.Extensions.DependencyInjection.ServiceLookup.CallSiteFactory.GetCallSite(ServiceDescriptor serviceDescriptor, CallSiteChain callSiteChain)
   at Microsoft.Extensions.DependencyInjection.ServiceProvider.ValidateService(ServiceDescriptor descriptor)
   --- End of inner exception stack trace ---
   at Microsoft.Extensions.DependencyInjection.ServiceProvider.ValidateService(ServiceDescriptor descriptor)
   at Microsoft.Extensions.DependencyInjection.ServiceProvider..ctor(ICollection`1 serviceDescriptors, ServiceProviderOptions options)<---

 ---> (Inner Exception #2) System.InvalidOperationException: Error while validating the service descriptor 'ServiceType: Orb.Web.Services.UserService Lifetime: Scoped ImplementationType: Orb.Web.Services.UserService': Unable to resolve service for type 'Microsoft.EntityFrameworkCore.DbContextOptions`1[Orb.Web.Data.ApplicationDbContext]' while attempting to activate 'Orb.Web.Data.ApplicationDbContext'.
 ---> System.InvalidOperationException: Unable to resolve service for type 'Microsoft.EntityFrameworkCore.DbContextOptions`1[Orb.Web.Data.ApplicationDbContext]' while attempting to activate 'Orb.Web.Data.ApplicationDbContext'.
   at Microsoft.Extensions.DependencyInjection.ServiceLookup.CallSiteFactory.CreateArgumentCallSites(Type implementationType, CallSiteChain callSiteChain, ParameterInfo[] parameters, Boolean throwIfCallSiteNotFound)
   at Microsoft.Extensions.DependencyInjection.ServiceLookup.CallSiteFactory.CreateConstructorCallSite(ResultCache lifetime, Type serviceType, Type implementationType, CallSiteChain callSiteChain)
   at Microsoft.Extensions.DependencyInjection.ServiceLookup.CallSiteFactory.TryCreateExact(ServiceDescriptor descriptor, Type serviceType, CallSiteChain callSiteChain, Int32 slot)
   at Microsoft.Extensions.DependencyInjection.ServiceLookup.CallSiteFactory.CreateCallSite(Type serviceType, CallSiteChain callSiteChain)
   at Microsoft.Extensions.DependencyInjection.ServiceLookup.CallSiteFactory.GetCallSite(Type serviceType, CallSiteChain callSiteChain)
   at Microsoft.Extensions.DependencyInjection.ServiceLookup.CallSiteFactory.CreateArgumentCallSites(Type implementationType, CallSiteChain callSiteChain, ParameterInfo[] parameters, Boolean throwIfCallSiteNotFound)
   at Microsoft.Extensions.DependencyInjection.ServiceLookup.CallSiteFactory.CreateConstructorCallSite(ResultCache lifetime, Type serviceType, Type implementationType, CallSiteChain callSiteChain)
   at Microsoft.Extensions.DependencyInjection.ServiceLookup.CallSiteFactory.TryCreateExact(ServiceDescriptor descriptor, Type serviceType, CallSiteChain callSiteChain, Int32 slot)
   at Microsoft.Extensions.DependencyInjection.ServiceLookup.CallSiteFactory.GetCallSite(ServiceDescriptor serviceDescriptor, CallSiteChain callSiteChain)
   at Microsoft.Extensions.DependencyInjection.ServiceProvider.ValidateService(ServiceDescriptor descriptor)
   --- End of inner exception stack trace ---
   at Microsoft.Extensions.DependencyInjection.ServiceProvider.ValidateService(ServiceDescriptor descriptor)
   at Microsoft.Extensions.DependencyInjection.ServiceProvider..ctor(ICollection`1 serviceDescriptors, ServiceProviderOptions options)<---
